<?xml version="1.0" encoding="UTF-8"?>
<testng-results skipped="0" failed="0" ignored="0" total="1" passed="1">
  <reporter-output>
  </reporter-output>
  <suite name="Default suite" duration-ms="146" started-at="2018-01-16T15:59:57Z" finished-at="2018-01-16T15:59:57Z">
    <groups>
    </groups>
    <test name="Default test" duration-ms="146" started-at="2018-01-16T15:59:57Z" finished-at="2018-01-16T15:59:57Z">
      <class name="NewTest">
        <test-method status="PASS" signature="f()[pri:0, instance:NewTest@457e2f02]" name="f" duration-ms="43" started-at="2018-01-16T21:29:57Z" finished-at="2018-01-16T21:29:57Z">
          <reporter-output>
          </reporter-output>
        </test-method> <!-- f -->
      </class> <!-- NewTest -->
    </test> <!-- Default test -->
  </suite> <!-- Default suite -->
</testng-results>
